2025-04-22 13:05:16 [main] INFO  com.nhnacademy.environment.JavameEnvironmentApiApplication - Starting JavameEnvironmentApiApplication using Java 21.0.5 with PID 520981 (/home/nhnacademy/IdeaProjects/javame-environment-api/target/classes started by nhnacademy in /home/nhnacademy/IdeaProjects/javame-environment-api)
2025-04-22 13:05:16 [main] INFO  com.nhnacademy.environment.JavameEnvironmentApiApplication - No active profile set, falling back to 1 default profile: "default"
2025-04-22 13:05:20 [main] INFO  com.nhnacademy.environment.JavameEnvironmentApiApplication - Started JavameEnvironmentApiApplication in 4.613 seconds (process running for 5.256)
2025-04-22 13:09:13 [main] INFO  com.nhnacademy.environment.JavameEnvironmentApiApplication - Starting JavameEnvironmentApiApplication using Java 21.0.5 with PID 521555 (/home/nhnacademy/IdeaProjects/javame-environment-api/target/classes started by nhnacademy in /home/nhnacademy/IdeaProjects/javame-environment-api)
2025-04-22 13:09:13 [main] INFO  com.nhnacademy.environment.JavameEnvironmentApiApplication - No active profile set, falling back to 1 default profile: "default"
2025-04-22 13:09:16 [main] INFO  com.nhnacademy.environment.JavameEnvironmentApiApplication - Started JavameEnvironmentApiApplication in 4.845 seconds (process running for 5.516)
2025-04-22 13:36:40 [main] INFO  com.nhnacademy.environment.JavameEnvironmentApiApplication - Starting JavameEnvironmentApiApplication using Java 21.0.5 with PID 523763 (/home/nhnacademy/IdeaProjects/javame-environment-api/target/classes started by nhnacademy in /home/nhnacademy/IdeaProjects/javame-environment-api)
2025-04-22 13:36:40 [main] INFO  com.nhnacademy.environment.JavameEnvironmentApiApplication - No active profile set, falling back to 1 default profile: "default"
2025-04-22 13:36:44 [main] INFO  com.nhnacademy.environment.JavameEnvironmentApiApplication - Started JavameEnvironmentApiApplication in 5.292 seconds (process running for 5.901)
2025-04-22 13:38:54 [main] INFO  com.nhnacademy.environment.JavameEnvironmentApiApplication - Starting JavameEnvironmentApiApplication using Java 21.0.5 with PID 524334 (/home/nhnacademy/IdeaProjects/javame-environment-api/target/classes started by nhnacademy in /home/nhnacademy/IdeaProjects/javame-environment-api)
2025-04-22 13:38:54 [main] INFO  com.nhnacademy.environment.JavameEnvironmentApiApplication - No active profile set, falling back to 1 default profile: "default"
2025-04-22 13:38:56 [main] INFO  com.nhnacademy.environment.JavameEnvironmentApiApplication - Started JavameEnvironmentApiApplication in 3.473 seconds (process running for 4.051)
2025-04-22 13:43:22 [main] INFO  com.nhnacademy.environment.JavameEnvironmentApiApplication - Starting JavameEnvironmentApiApplication using Java 21.0.5 with PID 524935 (/home/nhnacademy/IdeaProjects/javame-environment-api/target/classes started by nhnacademy in /home/nhnacademy/IdeaProjects/javame-environment-api)
2025-04-22 13:43:22 [main] INFO  com.nhnacademy.environment.JavameEnvironmentApiApplication - No active profile set, falling back to 1 default profile: "default"
2025-04-22 13:43:25 [main] INFO  com.nhnacademy.environment.JavameEnvironmentApiApplication - Started JavameEnvironmentApiApplication in 3.636 seconds (process running for 4.282)
2025-04-22 13:43:38 [http-nio-10273-exec-1] ERROR com.nhnacademy.environment.service.ServerEnvironmentService - InfluxDB dynamic query failed
com.influxdb.exceptions.UnauthorizedException: HTTP status code: 401; Message: unauthorized access
	at com.influxdb.internal.AbstractRestClient.responseToError(AbstractRestClient.java:115) ~[influxdb-client-core-6.6.0.jar:6.6.0]
	at com.influxdb.internal.AbstractQueryApi$1.onResponse(AbstractQueryApi.java:220) ~[influxdb-client-core-6.6.0.jar:6.6.0]
	at com.influxdb.internal.AbstractQueryApi.query(AbstractQueryApi.java:247) ~[influxdb-client-core-6.6.0.jar:6.6.0]
	at com.influxdb.internal.AbstractQueryApi.query(AbstractQueryApi.java:199) ~[influxdb-client-core-6.6.0.jar:6.6.0]
	at com.influxdb.internal.AbstractQueryApi.query(AbstractQueryApi.java:131) ~[influxdb-client-core-6.6.0.jar:6.6.0]
	at com.influxdb.client.internal.QueryApiImpl.query(QueryApiImpl.java:939) ~[influxdb-client-java-6.6.0.jar:6.6.0]
	at com.influxdb.client.internal.QueryApiImpl.query(QueryApiImpl.java:123) ~[influxdb-client-java-6.6.0.jar:6.6.0]
	at com.influxdb.client.internal.QueryApiImpl.query(QueryApiImpl.java:85) ~[influxdb-client-java-6.6.0.jar:6.6.0]
	at com.nhnacademy.environment.service.ServerEnvironmentService.getDynamicResourceData(ServerEnvironmentService.java:57) ~[classes/:?]
	at com.nhnacademy.environment.controller.ServerDataController.getEnvironmentData(ServerDataController.java:47) ~[classes/:?]
	at java.base/jdk.internal.reflect.DirectMethodHandleAccessor.invoke(DirectMethodHandleAccessor.java:103) ~[?:?]
	at java.base/java.lang.reflect.Method.invoke(Method.java:580) ~[?:?]
	at org.springframework.web.method.support.InvocableHandlerMethod.doInvoke(InvocableHandlerMethod.java:258) ~[spring-web-6.2.5.jar:6.2.5]
	at org.springframework.web.method.support.InvocableHandlerMethod.invokeForRequest(InvocableHandlerMethod.java:191) ~[spring-web-6.2.5.jar:6.2.5]
	at org.springframework.web.servlet.mvc.method.annotation.ServletInvocableHandlerMethod.invokeAndHandle(ServletInvocableHandlerMethod.java:118) ~[spring-webmvc-6.2.5.jar:6.2.5]
	at org.springframework.web.servlet.mvc.method.annotation.RequestMappingHandlerAdapter.invokeHandlerMethod(RequestMappingHandlerAdapter.java:986) ~[spring-webmvc-6.2.5.jar:6.2.5]
	at org.springframework.web.servlet.mvc.method.annotation.RequestMappingHandlerAdapter.handleInternal(RequestMappingHandlerAdapter.java:891) ~[spring-webmvc-6.2.5.jar:6.2.5]
	at org.springframework.web.servlet.mvc.method.AbstractHandlerMethodAdapter.handle(AbstractHandlerMethodAdapter.java:87) ~[spring-webmvc-6.2.5.jar:6.2.5]
	at org.springframework.web.servlet.DispatcherServlet.doDispatch(DispatcherServlet.java:1089) ~[spring-webmvc-6.2.5.jar:6.2.5]
	at org.springframework.web.servlet.DispatcherServlet.doService(DispatcherServlet.java:979) ~[spring-webmvc-6.2.5.jar:6.2.5]
	at org.springframework.web.servlet.FrameworkServlet.processRequest(FrameworkServlet.java:1014) ~[spring-webmvc-6.2.5.jar:6.2.5]
	at org.springframework.web.servlet.FrameworkServlet.doGet(FrameworkServlet.java:903) ~[spring-webmvc-6.2.5.jar:6.2.5]
	at jakarta.servlet.http.HttpServlet.service(HttpServlet.java:564) ~[tomcat-embed-core-10.1.39.jar:6.0]
	at org.springframework.web.servlet.FrameworkServlet.service(FrameworkServlet.java:885) ~[spring-webmvc-6.2.5.jar:6.2.5]
	at jakarta.servlet.http.HttpServlet.service(HttpServlet.java:658) ~[tomcat-embed-core-10.1.39.jar:6.0]
	at org.apache.catalina.core.ApplicationFilterChain.internalDoFilter(ApplicationFilterChain.java:195) ~[tomcat-embed-core-10.1.39.jar:10.1.39]
	at org.apache.catalina.core.ApplicationFilterChain.doFilter(ApplicationFilterChain.java:140) ~[tomcat-embed-core-10.1.39.jar:10.1.39]
	at org.apache.tomcat.websocket.server.WsFilter.doFilter(WsFilter.java:51) ~[tomcat-embed-websocket-10.1.39.jar:10.1.39]
	at org.apache.catalina.core.ApplicationFilterChain.internalDoFilter(ApplicationFilterChain.java:164) ~[tomcat-embed-core-10.1.39.jar:10.1.39]
	at org.apache.catalina.core.ApplicationFilterChain.doFilter(ApplicationFilterChain.java:140) ~[tomcat-embed-core-10.1.39.jar:10.1.39]
	at org.springframework.web.filter.RequestContextFilter.doFilterInternal(RequestContextFilter.java:100) ~[spring-web-6.2.5.jar:6.2.5]
	at org.springframework.web.filter.OncePerRequestFilter.doFilter(OncePerRequestFilter.java:116) ~[spring-web-6.2.5.jar:6.2.5]
	at org.apache.catalina.core.ApplicationFilterChain.internalDoFilter(ApplicationFilterChain.java:164) ~[tomcat-embed-core-10.1.39.jar:10.1.39]
	at org.apache.catalina.core.ApplicationFilterChain.doFilter(ApplicationFilterChain.java:140) ~[tomcat-embed-core-10.1.39.jar:10.1.39]
	at org.springframework.web.filter.FormContentFilter.doFilterInternal(FormContentFilter.java:93) ~[spring-web-6.2.5.jar:6.2.5]
	at org.springframework.web.filter.OncePerRequestFilter.doFilter(OncePerRequestFilter.java:116) ~[spring-web-6.2.5.jar:6.2.5]
	at org.apache.catalina.core.ApplicationFilterChain.internalDoFilter(ApplicationFilterChain.java:164) ~[tomcat-embed-core-10.1.39.jar:10.1.39]
	at org.apache.catalina.core.ApplicationFilterChain.doFilter(ApplicationFilterChain.java:140) ~[tomcat-embed-core-10.1.39.jar:10.1.39]
	at org.springframework.web.filter.CharacterEncodingFilter.doFilterInternal(CharacterEncodingFilter.java:201) ~[spring-web-6.2.5.jar:6.2.5]
	at org.springframework.web.filter.OncePerRequestFilter.doFilter(OncePerRequestFilter.java:116) ~[spring-web-6.2.5.jar:6.2.5]
	at org.apache.catalina.core.ApplicationFilterChain.internalDoFilter(ApplicationFilterChain.java:164) ~[tomcat-embed-core-10.1.39.jar:10.1.39]
	at org.apache.catalina.core.ApplicationFilterChain.doFilter(ApplicationFilterChain.java:140) ~[tomcat-embed-core-10.1.39.jar:10.1.39]
	at org.apache.catalina.core.StandardWrapperValve.invoke(StandardWrapperValve.java:167) ~[tomcat-embed-core-10.1.39.jar:10.1.39]
	at org.apache.catalina.core.StandardContextValve.invoke(StandardContextValve.java:90) ~[tomcat-embed-core-10.1.39.jar:10.1.39]
	at org.apache.catalina.authenticator.AuthenticatorBase.invoke(AuthenticatorBase.java:483) ~[tomcat-embed-core-10.1.39.jar:10.1.39]
	at org.apache.catalina.core.StandardHostValve.invoke(StandardHostValve.java:115) ~[tomcat-embed-core-10.1.39.jar:10.1.39]
	at org.apache.catalina.valves.ErrorReportValve.invoke(ErrorReportValve.java:93) ~[tomcat-embed-core-10.1.39.jar:10.1.39]
	at org.apache.catalina.core.StandardEngineValve.invoke(StandardEngineValve.java:74) ~[tomcat-embed-core-10.1.39.jar:10.1.39]
	at org.apache.catalina.connector.CoyoteAdapter.service(CoyoteAdapter.java:344) ~[tomcat-embed-core-10.1.39.jar:10.1.39]
	at org.apache.coyote.http11.Http11Processor.service(Http11Processor.java:397) ~[tomcat-embed-core-10.1.39.jar:10.1.39]
	at org.apache.coyote.AbstractProcessorLight.process(AbstractProcessorLight.java:63) ~[tomcat-embed-core-10.1.39.jar:10.1.39]
	at org.apache.coyote.AbstractProtocol$ConnectionHandler.process(AbstractProtocol.java:905) ~[tomcat-embed-core-10.1.39.jar:10.1.39]
	at org.apache.tomcat.util.net.NioEndpoint$SocketProcessor.doRun(NioEndpoint.java:1743) ~[tomcat-embed-core-10.1.39.jar:10.1.39]
	at org.apache.tomcat.util.net.SocketProcessorBase.run(SocketProcessorBase.java:52) ~[tomcat-embed-core-10.1.39.jar:10.1.39]
	at org.apache.tomcat.util.threads.ThreadPoolExecutor.runWorker(ThreadPoolExecutor.java:1190) ~[tomcat-embed-core-10.1.39.jar:10.1.39]
	at org.apache.tomcat.util.threads.ThreadPoolExecutor$Worker.run(ThreadPoolExecutor.java:659) ~[tomcat-embed-core-10.1.39.jar:10.1.39]
	at org.apache.tomcat.util.threads.TaskThread$WrappingRunnable.run(TaskThread.java:63) ~[tomcat-embed-core-10.1.39.jar:10.1.39]
	at java.base/java.lang.Thread.run(Thread.java:1583) [?:?]
